c:\users\andreas persson\desktop\3d3project5\3d3project\renderer\intermediate\x64\vc141.pdb
c:\users\andreas persson\desktop\3d3project5\3d3project\renderer\intermediate\x64\vc141.idb
c:\users\andreas persson\desktop\3d3project5\3d3project\renderer\intermediate\x64\apid12.obj
c:\users\andreas persson\desktop\3d3project5\3d3project\renderer\intermediate\x64\apidirectx.obj
c:\users\andreas persson\desktop\3d3project5\3d3project\renderer\intermediate\x64\renderd11.obj
c:\users\andreas persson\desktop\3d3project5\3d3project\renderer\intermediate\x64\irenderer.obj
c:\users\andreas persson\desktop\3d3project5\3d3project\renderer\intermediate\x64\renderd12.obj
c:\users\andreas persson\desktop\3d3project6\3d3project\renderer\intermediate\x64\vc141.pdb
c:\users\andreas persson\desktop\3d3project6\3d3project\renderer\intermediate\x64\renderd12.obj
c:\users\andreas persson\desktop\3d3project6\3d3project\renderer\intermediate\x64\irenderer.obj
c:\users\andreas persson\desktop\3d3project6\3d3project\renderer\intermediate\x64\renderd11.obj
c:\users\andreas persson\desktop\3d3project6\3d3project\renderer\intermediate\x64\apidirectx.obj
c:\users\andreas persson\desktop\3d3project6\3d3project\renderer\intermediate\x64\apid12.obj
c:\users\andreas persson\desktop\3d3project6\3d3project\renderer\intermediate\x64\vc141.idb
c:\users\andreas persson\desktop\3d3project5\3d3project\build\lib\x64\rendererd.dll
c:\users\andreas persson\desktop\3d3project5\3d3project\build\lib\x64\rendererd.ilk
c:\users\andreas persson\desktop\3d3project5\3d3project\build\lib\x64\rendererd.pdb
c:\users\andreas persson\desktop\3d3project6\3d3project\build\lib\x64\rendererd.dll
c:\users\andreas persson\desktop\3d3project6\3d3project\build\lib\x64\rendererd.ilk
c:\users\andreas persson\desktop\3d3project6\3d3project\build\lib\x64\rendererd.pdb
c:\users\andreas persson\desktop\3d3project5\3d3project\build\lib\x64\rendererd.lib
c:\users\andreas persson\desktop\3d3project5\3d3project\build\lib\x64\rendererd.exp
c:\users\andreas persson\desktop\3d3project6\3d3project\build\lib\x64\renderer.lib
c:\users\andreas persson\desktop\3d3project6\3d3project\build\lib\x64\renderer.exp
c:\users\andreas persson\desktop\3d3project6\3d3project\build\lib\x64\renderer.ipdb
c:\users\andreas persson\desktop\3d3project6\3d3project\build\lib\x64\renderer.iobj
c:\users\andreas persson\desktop\3d3project6\3d3project\build\lib\x64\rendererd.lib
c:\users\andreas persson\desktop\3d3project6\3d3project\build\lib\x64\rendererd.exp
c:\users\andreas persson\desktop\3d3project6\3d3project\renderer\intermediate\x64\renderer.tlog\cl.command.1.tlog
c:\users\andreas persson\desktop\3d3project6\3d3project\renderer\intermediate\x64\renderer.tlog\cl.read.1.tlog
c:\users\andreas persson\desktop\3d3project6\3d3project\renderer\intermediate\x64\renderer.tlog\cl.write.1.tlog
c:\users\andreas persson\desktop\3d3project6\3d3project\renderer\intermediate\x64\renderer.tlog\link.command.1.tlog
c:\users\andreas persson\desktop\3d3project6\3d3project\renderer\intermediate\x64\renderer.tlog\link.read.1.tlog
c:\users\andreas persson\desktop\3d3project6\3d3project\renderer\intermediate\x64\renderer.tlog\link.write.1.tlog
c:\users\andreas persson\desktop\3d3project6\3d3project\renderer\intermediate\x64\renderer.tlog\renderer.write.1u.tlog
