c:\users\andreas persson\desktop\3d3project6\3d3project\renderer\intermediate\win32\vc141.pdb
c:\users\andreas persson\desktop\3d3project6\3d3project\renderer\intermediate\win32\vc141.idb
c:\users\andreas persson\desktop\3d3project6\3d3project\renderer\intermediate\win32\apid12.obj
c:\users\andreas persson\desktop\3d3project6\3d3project\renderer\intermediate\win32\renderd12.obj
c:\users\andreas persson\desktop\3d3project6\3d3project\renderer\intermediate\win32\irenderer.obj
c:\users\andreas persson\desktop\3d3project6\3d3project\renderer\intermediate\win32\renderd11.obj
c:\users\andreas persson\desktop\3d3project6\3d3project\renderer\intermediate\win32\apidirectx.obj
c:\users\andreas persson\desktop\3d3project6\3d3project\build\lib\win32\renderer.dll
c:\users\andreas persson\desktop\3d3project6\3d3project\build\lib\win32\renderer.pdb
c:\users\andreas persson\desktop\3d3project6\3d3project\build\lib\win32\renderer.lib
c:\users\andreas persson\desktop\3d3project6\3d3project\build\lib\win32\renderer.exp
c:\users\andreas persson\desktop\3d3project6\3d3project\build\lib\win32\renderer.ipdb
c:\users\andreas persson\desktop\3d3project6\3d3project\build\lib\win32\renderer.iobj
c:\users\andreas persson\desktop\3d3project6\3d3project\build\lib\win32\rendererd.lib
c:\users\andreas persson\desktop\3d3project6\3d3project\build\lib\win32\rendererd.exp
c:\users\andreas persson\desktop\3d3project6\3d3project\renderer\intermediate\win32\renderer.tlog\cl.command.1.tlog
c:\users\andreas persson\desktop\3d3project6\3d3project\renderer\intermediate\win32\renderer.tlog\cl.read.1.tlog
c:\users\andreas persson\desktop\3d3project6\3d3project\renderer\intermediate\win32\renderer.tlog\cl.write.1.tlog
c:\users\andreas persson\desktop\3d3project6\3d3project\renderer\intermediate\win32\renderer.tlog\link.command.1.tlog
c:\users\andreas persson\desktop\3d3project6\3d3project\renderer\intermediate\win32\renderer.tlog\link.read.1.tlog
c:\users\andreas persson\desktop\3d3project6\3d3project\renderer\intermediate\win32\renderer.tlog\link.write.1.tlog
c:\users\andreas persson\desktop\3d3project6\3d3project\renderer\intermediate\win32\renderer.tlog\renderer.write.1u.tlog
